<?xml version="1.0" encoding="UTF-8"?>
<!-- Generated by org.testng.reporters.JUnitReportReporter -->
<testsuite hostname="DESKTOP-7IL8GUR" failures="0" tests="4" name="Runner.Runnerclass" time="52.198" errors="0" timestamp="2025-04-02T17:05:33 IST" skipped="0">
  <testcase classname="Runner.Runnerclass" name="runScenario" time="10.263"/>
  <testcase classname="Runner.Runnerclass" name="runScenario" time="19.666"/>
  <testcase classname="Runner.Runnerclass" name="runScenario" time="11.545"/>
  <testcase classname="Runner.Runnerclass" name="runScenario" time="10.724"/>
</testsuite> <!-- Runner.Runnerclass -->
