<?xml version="1.0" encoding="UTF-8"?>
<!-- Generated by org.testng.reporters.JUnitReportReporter -->
<testsuite hostname="DESKTOP-7IL8GUR" failures="0" tests="4" name="Runner.Runnerclass" time="48.594" errors="0" timestamp="2025-04-02T11:27:54 IST" skipped="0">
  <testcase classname="Runner.Runnerclass" name="runScenario" time="19.602"/>
  <testcase classname="Runner.Runnerclass" name="runScenario" time="9.370"/>
  <testcase classname="Runner.Runnerclass" name="runScenario" time="9.223"/>
  <testcase classname="Runner.Runnerclass" name="runScenario" time="10.399"/>
</testsuite> <!-- Runner.Runnerclass -->
