<?xml version="1.0" encoding="UTF-8"?>
<!-- Generated by org.testng.reporters.JUnitReportReporter -->
<testsuite hostname="DESKTOP-7IL8GUR" failures="0" tests="4" name="Runner.Runnerclass" time="109.946" errors="0" timestamp="2025-04-02T10:45:50 IST" skipped="0">
  <testcase classname="Runner.Runnerclass" name="runScenario" time="17.079"/>
  <testcase classname="Runner.Runnerclass" name="runScenario" time="60.663"/>
  <testcase classname="Runner.Runnerclass" name="runScenario" time="12.918"/>
  <testcase classname="Runner.Runnerclass" name="runScenario" time="19.286"/>
</testsuite> <!-- Runner.Runnerclass -->
