<?xml version="1.0" encoding="UTF-8"?>
<!-- Generated by org.testng.reporters.JUnitReportReporter -->
<testsuite hostname="DESKTOP-7IL8GUR" failures="0" tests="4" name="Runner.Runnerclass" time="215.093" errors="0" timestamp="2025-04-01T22:10:28 IST" skipped="0">
  <testcase classname="Runner.Runnerclass" name="runScenario" time="76.095"/>
  <testcase classname="Runner.Runnerclass" name="runScenario" time="35.949"/>
  <testcase classname="Runner.Runnerclass" name="runScenario" time="33.264"/>
  <testcase classname="Runner.Runnerclass" name="runScenario" time="69.785"/>
</testsuite> <!-- Runner.Runnerclass -->
