<?xml version="1.0" encoding="UTF-8"?>
<!-- Generated by org.testng.reporters.JUnitReportReporter -->
<testsuite hostname="DESKTOP-7IL8GUR" failures="0" tests="4" name="Runner.Runnerclass" time="35.926" errors="0" timestamp="2025-04-02T20:46:11 IST" skipped="0">
  <testcase classname="Runner.Runnerclass" name="runScenario" time="12.669"/>
  <testcase classname="Runner.Runnerclass" name="runScenario" time="7.765"/>
  <testcase classname="Runner.Runnerclass" name="runScenario" time="7.577"/>
  <testcase classname="Runner.Runnerclass" name="runScenario" time="7.915"/>
</testsuite> <!-- Runner.Runnerclass -->
